#
# There is insufficient memory for the Java Runtime Environment to continue.
# Native memory allocation (mmap) failed to map 65536 bytes for Failed to commit metaspace.
# Possible reasons:
#   The system is out of physical RAM or swap space
#   The process is running with CompressedOops enabled, and the Java Heap may be blocking the growth of the native heap
# Possible solutions:
#   Reduce memory load on the system
#   Increase physical memory or swap space
#   Check if swap backing store is full
#   Decrease Java heap size (-Xmx/-Xms)
#   Decrease number of Java threads
#   Decrease Java thread stack sizes (-Xss)
#   Set larger code cache with -XX:ReservedCodeCacheSize=
#   JVM is running with Unscaled Compressed Oops mode in which the Java heap is
#     placed in the first 4GB address space. The Java Heap base address is the
#     maximum limit for the native heap growth. Please use -XX:HeapBaseMinAddress
#     to set the Java Heap base and to place the Java Heap above 4GB virtual address.
# This output file may be truncated or incomplete.
#
#  Out of Memory Error (virtualSpaceNode.cpp:110), pid=15880, tid=19336
#
# JRE version: Java(TM) SE Runtime Environment (17.0.11+7) (build 17.0.11+7-LTS-207)
# Java VM: Java HotSpot(TM) 64-Bit Server VM (17.0.11+7-LTS-207, mixed mode, emulated-client, sharing, tiered, compressed oops, compressed class ptrs, g1 gc, windows-amd64)
# No core dump will be written. Minidumps are not enabled by default on client versions of Windows
#

---------------  S U M M A R Y ------------

Command Line: -Dcom.sun.management.jmxremote -Dcom.sun.management.jmxremote.port=63928 -Dcom.sun.management.jmxremote.authenticate=false -Dcom.sun.management.jmxremote.ssl=false -Djava.rmi.server.hostname=localhost -Dspring.jmx.enabled=true -Dmanagement.endpoints.jmx.exposure.include=* -Dspring.application.admin.enabled=true -XX:TieredStopAtLevel=1 -Dspring.boot.project.name=frs-frontend -Dfile.encoding=UTF-8 -Dstdout.encoding=UTF-8 -Dstderr.encoding=UTF-8 -XX:+ShowCodeDetailsInExceptionMessages com.example.demo.FrsFrontendApplication --spring.output.ansi.enabled=always

Host: Intel(R) Core(TM) i3-8130U CPU @ 2.20GHz, 4 cores, 3G,  Windows 11 , 64 bit Build 26100 (10.0.26100.2161)
Time: Sun Nov 24 18:35:00 2024 India Standard Time elapsed time: 2.518827 seconds (0d 0h 0m 2s)

---------------  T H R E A D  ---------------

Current thread (0x000001c9b21f8b30):  JavaThread "main" [_thread_in_vm, id=19336, stack(0x00000043bc100000,0x00000043bc200000)]

Stack: [0x00000043bc100000,0x00000043bc200000]
Native frames: (J=compiled Java code, j=interpreted, Vv=VM code, C=native code)
V  [jvm.dll+0x679cca]
V  [jvm.dll+0x7da13d]
V  [jvm.dll+0x7dba83]
V  [jvm.dll+0x7dc0f3]
V  [jvm.dll+0x2449af]
V  [jvm.dll+0x7d5d0b]
V  [jvm.dll+0x6200b6]
V  [jvm.dll+0x62011a]
V  [jvm.dll+0x62293d]
V  [jvm.dll+0x620a76]
V  [jvm.dll+0x23a141]
V  [jvm.dll+0x1e8807]
V  [jvm.dll+0x1de3c1]
V  [jvm.dll+0x53f19c]
V  [jvm.dll+0x1eed6a]
V  [jvm.dll+0x7543bd]
V  [jvm.dll+0x7557d6]
V  [jvm.dll+0x755b08]
V  [jvm.dll+0x23ca5b]
V  [jvm.dll+0x37ca5e]
C  0x000001c9b9ac9ad7

Java frames: (J=compiled Java code, j=interpreted, Vv=VM code)
j  sun.rmi.server.UnicastServerRef.<clinit>()V+66 java.rmi@17.0.11
v  ~StubRoutines::call_stub
j  sun.management.jmxremote.ConnectorBootstrap$PermanentExporter.exportObject(Ljava/rmi/Remote;ILjava/rmi/server/RMIClientSocketFactory;Ljava/rmi/server/RMIServerSocketFactory;Ljava/io/ObjectInputFilter;)Ljava/rmi/Remote;+40 jdk.management.agent@17.0.11
j  javax.management.remote.rmi.RMIJRMPServerImpl.export(Ljava/rmi/Remote;Ljava/io/ObjectInputFilter;)V+62 java.management.rmi@17.0.11
j  javax.management.remote.rmi.RMIJRMPServerImpl.export()V+6 java.management.rmi@17.0.11
j  javax.management.remote.rmi.RMIConnectorServer.start()V+257 java.management.rmi@17.0.11
j  sun.management.jmxremote.ConnectorBootstrap.exportMBeanServer(Ljavax/management/MBeanServer;IIZZLjava/lang/String;[Ljava/lang/String;[Ljava/lang/String;ZZLjava/lang/String;Ljava/lang/String;ZLjava/lang/String;Ljava/lang/String;Ljava/lang/String;)Lsun/management/jmxremote/ConnectorBootstrap$JMXConnectorServerData;+348 jdk.management.agent@17.0.11
j  sun.management.jmxremote.ConnectorBootstrap.startRemoteConnectorServer(Ljava/lang/String;Ljava/util/Properties;)Ljavax/management/remote/JMXConnectorServer;+620 jdk.management.agent@17.0.11
j  jdk.internal.agent.Agent.startAgent(Ljava/util/Properties;)V+48 jdk.management.agent@17.0.11
j  jdk.internal.agent.Agent.startAgent()V+20 jdk.management.agent@17.0.11
v  ~StubRoutines::call_stub

---------------  P R O C E S S  ---------------

Threads class SMR info:
_java_thread_list=0x000001c9c1480190, length=11, elements={
0x000001c9b21f8b30, 0x000001c9b22bc110, 0x000001c9b22be170, 0x000001c9c126dba0,
0x000001c9c1270480, 0x000001c9c1272d60, 0x000001c9c1273630, 0x000001c9c1273f00,
0x000001c9c12aa800, 0x000001c9c125c760, 0x000001c9c14b1110
}

Java Threads: ( => current thread )
=>0x000001c9b21f8b30 JavaThread "main" [_thread_in_vm, id=19336, stack(0x00000043bc100000,0x00000043bc200000)]
  0x000001c9b22bc110 JavaThread "Reference Handler" daemon [_thread_blocked, id=22652, stack(0x00000043bc800000,0x00000043bc900000)]
  0x000001c9b22be170 JavaThread "Finalizer" daemon [_thread_blocked, id=17144, stack(0x00000043bc900000,0x00000043bca00000)]
  0x000001c9c126dba0 JavaThread "Signal Dispatcher" daemon [_thread_blocked, id=21044, stack(0x00000043bca00000,0x00000043bcb00000)]
  0x000001c9c1270480 JavaThread "Attach Listener" daemon [_thread_blocked, id=6292, stack(0x00000043bcb00000,0x00000043bcc00000)]
  0x000001c9c1272d60 JavaThread "Service Thread" daemon [_thread_blocked, id=14340, stack(0x00000043bcc00000,0x00000043bcd00000)]
  0x000001c9c1273630 JavaThread "Monitor Deflation Thread" daemon [_thread_blocked, id=1988, stack(0x00000043bcd00000,0x00000043bce00000)]
  0x000001c9c1273f00 JavaThread "C1 CompilerThread0" daemon [_thread_blocked, id=15500, stack(0x00000043bce00000,0x00000043bcf00000)]
  0x000001c9c12aa800 JavaThread "Sweeper thread" daemon [_thread_blocked, id=18960, stack(0x00000043bcf00000,0x00000043bd000000)]
  0x000001c9c125c760 JavaThread "Common-Cleaner" daemon [_thread_blocked, id=7532, stack(0x00000043bd000000,0x00000043bd100000)]
  0x000001c9c14b1110 JavaThread "Notification Thread" daemon [_thread_blocked, id=24268, stack(0x00000043bd100000,0x00000043bd200000)]

Other Threads:
  0x000001c9b22b2880 VMThread "VM Thread" [stack: 0x00000043bc700000,0x00000043bc800000] [id=9764]
  0x000001c9b22356f0 GCTaskThread "GC Thread#0" [stack: 0x00000043bc200000,0x00000043bc300000] [id=9972]
  0x000001c9b223e290 ConcurrentGCThread "G1 Main Marker" [stack: 0x00000043bc300000,0x00000043bc400000] [id=16784]
  0x000001c9b2240020 ConcurrentGCThread "G1 Conc#0" [stack: 0x00000043bc400000,0x00000043bc500000] [id=20212]
  0x000001c9b228e290 ConcurrentGCThread "G1 Refine#0" [stack: 0x00000043bc500000,0x00000043bc600000] [id=14904]
  0x000001c9b228ebd0 ConcurrentGCThread "G1 Service" [stack: 0x00000043bc600000,0x00000043bc700000] [id=15068]

Threads with active compile tasks:

VM state: not at safepoint (normal execution)

VM Mutex/Monitor currently owned by a thread:  ([mutex/lock_event])
[0x000001c9b21f6150] Metaspace_lock - owner thread: 0x000001c9b21f8b30

Heap address: 0x00000000c1600000, size: 1002 MB, Compressed Oops mode: 32-bit

CDS archive(s) mapped at: [0x000001c9c2000000-0x000001c9c2bd0000-0x000001c9c2bd0000), size 12386304, SharedBaseAddress: 0x000001c9c2000000, ArchiveRelocationMode: 1.
Compressed class space mapped at: 0x000001c9c3000000-0x000001ca03000000, reserved size: 1073741824
Narrow klass base: 0x000001c9c2000000, Narrow klass shift: 0, Narrow klass range: 0x100000000

GC Precious Log:
 CPUs: 4 total, 4 available
 Memory: 4001M
 Large Page Support: Disabled
 NUMA Support: Disabled
 Compressed Oops: Enabled (32-bit)
 Heap Region Size: 1M
 Heap Min Capacity: 8M
 Heap Initial Capacity: 64M
 Heap Max Capacity: 1002M
 Pre-touch: Disabled
 Parallel Workers: 4
 Concurrent Workers: 1
 Concurrent Refinement Workers: 4
 Periodic GC: Disabled

Heap:
 garbage-first heap   total 65536K, used 6144K [0x00000000c1600000, 0x0000000100000000)
  region size 1024K, 7 young (7168K), 0 survivors (0K)
 Metaspace       used 2817K, committed 2944K, reserved 1114112K
  class space    used 340K, committed 448K, reserved 1048576K

Heap Regions: E=young(eden), S=young(survivor), O=old, HS=humongous(starts), HC=humongous(continues), CS=collection set, F=free, OA=open archive, CA=closed archive, TAMS=top-at-mark-start (previous, next)
|   0|0x00000000c1600000, 0x00000000c1600000, 0x00000000c1700000|  0%| F|  |TAMS 0x00000000c1600000, 0x00000000c1600000| Untracked 
|   1|0x00000000c1700000, 0x00000000c1700000, 0x00000000c1800000|  0%| F|  |TAMS 0x00000000c1700000, 0x00000000c1700000| Untracked 
|   2|0x00000000c1800000, 0x00000000c1800000, 0x00000000c1900000|  0%| F|  |TAMS 0x00000000c1800000, 0x00000000c1800000| Untracked 
|   3|0x00000000c1900000, 0x00000000c1900000, 0x00000000c1a00000|  0%| F|  |TAMS 0x00000000c1900000, 0x00000000c1900000| Untracked 
|   4|0x00000000c1a00000, 0x00000000c1a00000, 0x00000000c1b00000|  0%| F|  |TAMS 0x00000000c1a00000, 0x00000000c1a00000| Untracked 
|   5|0x00000000c1b00000, 0x00000000c1b00000, 0x00000000c1c00000|  0%| F|  |TAMS 0x00000000c1b00000, 0x00000000c1b00000| Untracked 
|   6|0x00000000c1c00000, 0x00000000c1c00000, 0x00000000c1d00000|  0%| F|  |TAMS 0x00000000c1c00000, 0x00000000c1c00000| Untracked 
|   7|0x00000000c1d00000, 0x00000000c1d00000, 0x00000000c1e00000|  0%| F|  |TAMS 0x00000000c1d00000, 0x00000000c1d00000| Untracked 
|   8|0x00000000c1e00000, 0x00000000c1e00000, 0x00000000c1f00000|  0%| F|  |TAMS 0x00000000c1e00000, 0x00000000c1e00000| Untracked 
|   9|0x00000000c1f00000, 0x00000000c1f00000, 0x00000000c2000000|  0%| F|  |TAMS 0x00000000c1f00000, 0x00000000c1f00000| Untracked 
|  10|0x00000000c2000000, 0x00000000c2000000, 0x00000000c2100000|  0%| F|  |TAMS 0x00000000c2000000, 0x00000000c2000000| Untracked 
|  11|0x00000000c2100000, 0x00000000c2100000, 0x00000000c2200000|  0%| F|  |TAMS 0x00000000c2100000, 0x00000000c2100000| Untracked 
|  12|0x00000000c2200000, 0x00000000c2200000, 0x00000000c2300000|  0%| F|  |TAMS 0x00000000c2200000, 0x00000000c2200000| Untracked 
|  13|0x00000000c2300000, 0x00000000c2300000, 0x00000000c2400000|  0%| F|  |TAMS 0x00000000c2300000, 0x00000000c2300000| Untracked 
|  14|0x00000000c2400000, 0x00000000c2400000, 0x00000000c2500000|  0%| F|  |TAMS 0x00000000c2400000, 0x00000000c2400000| Untracked 
|  15|0x00000000c2500000, 0x00000000c2500000, 0x00000000c2600000|  0%| F|  |TAMS 0x00000000c2500000, 0x00000000c2500000| Untracked 
|  16|0x00000000c2600000, 0x00000000c2600000, 0x00000000c2700000|  0%| F|  |TAMS 0x00000000c2600000, 0x00000000c2600000| Untracked 
|  17|0x00000000c2700000, 0x00000000c2700000, 0x00000000c2800000|  0%| F|  |TAMS 0x00000000c2700000, 0x00000000c2700000| Untracked 
|  18|0x00000000c2800000, 0x00000000c2800000, 0x00000000c2900000|  0%| F|  |TAMS 0x00000000c2800000, 0x00000000c2800000| Untracked 
|  19|0x00000000c2900000, 0x00000000c2900000, 0x00000000c2a00000|  0%| F|  |TAMS 0x00000000c2900000, 0x00000000c2900000| Untracked 
|  20|0x00000000c2a00000, 0x00000000c2a00000, 0x00000000c2b00000|  0%| F|  |TAMS 0x00000000c2a00000, 0x00000000c2a00000| Untracked 
|  21|0x00000000c2b00000, 0x00000000c2b00000, 0x00000000c2c00000|  0%| F|  |TAMS 0x00000000c2b00000, 0x00000000c2b00000| Untracked 
|  22|0x00000000c2c00000, 0x00000000c2c00000, 0x00000000c2d00000|  0%| F|  |TAMS 0x00000000c2c00000, 0x00000000c2c00000| Untracked 
|  23|0x00000000c2d00000, 0x00000000c2d00000, 0x00000000c2e00000|  0%| F|  |TAMS 0x00000000c2d00000, 0x00000000c2d00000| Untracked 
|  24|0x00000000c2e00000, 0x00000000c2e00000, 0x00000000c2f00000|  0%| F|  |TAMS 0x00000000c2e00000, 0x00000000c2e00000| Untracked 
|  25|0x00000000c2f00000, 0x00000000c2f00000, 0x00000000c3000000|  0%| F|  |TAMS 0x00000000c2f00000, 0x00000000c2f00000| Untracked 
|  26|0x00000000c3000000, 0x00000000c3000000, 0x00000000c3100000|  0%| F|  |TAMS 0x00000000c3000000, 0x00000000c3000000| Untracked 
|  27|0x00000000c3100000, 0x00000000c3100000, 0x00000000c3200000|  0%| F|  |TAMS 0x00000000c3100000, 0x00000000c3100000| Untracked 
|  28|0x00000000c3200000, 0x00000000c3200000, 0x00000000c3300000|  0%| F|  |TAMS 0x00000000c3200000, 0x00000000c3200000| Untracked 
|  29|0x00000000c3300000, 0x00000000c3300000, 0x00000000c3400000|  0%| F|  |TAMS 0x00000000c3300000, 0x00000000c3300000| Untracked 
|  30|0x00000000c3400000, 0x00000000c3400000, 0x00000000c3500000|  0%| F|  |TAMS 0x00000000c3400000, 0x00000000c3400000| Untracked 
|  31|0x00000000c3500000, 0x00000000c3500000, 0x00000000c3600000|  0%| F|  |TAMS 0x00000000c3500000, 0x00000000c3500000| Untracked 
|  32|0x00000000c3600000, 0x00000000c3600000, 0x00000000c3700000|  0%| F|  |TAMS 0x00000000c3600000, 0x00000000c3600000| Untracked 
|  33|0x00000000c3700000, 0x00000000c3700000, 0x00000000c3800000|  0%| F|  |TAMS 0x00000000c3700000, 0x00000000c3700000| Untracked 
|  34|0x00000000c3800000, 0x00000000c3800000, 0x00000000c3900000|  0%| F|  |TAMS 0x00000000c3800000, 0x00000000c3800000| Untracked 
|  35|0x00000000c3900000, 0x00000000c3900000, 0x00000000c3a00000|  0%| F|  |TAMS 0x00000000c3900000, 0x00000000c3900000| Untracked 
|  36|0x00000000c3a00000, 0x00000000c3a00000, 0x00000000c3b00000|  0%| F|  |TAMS 0x00000000c3a00000, 0x00000000c3a00000| Untracked 
|  37|0x00000000c3b00000, 0x00000000c3b00000, 0x00000000c3c00000|  0%| F|  |TAMS 0x00000000c3b00000, 0x00000000c3b00000| Untracked 
|  38|0x00000000c3c00000, 0x00000000c3c00000, 0x00000000c3d00000|  0%| F|  |TAMS 0x00000000c3c00000, 0x00000000c3c00000| Untracked 
|  39|0x00000000c3d00000, 0x00000000c3d00000, 0x00000000c3e00000|  0%| F|  |TAMS 0x00000000c3d00000, 0x00000000c3d00000| Untracked 
|  40|0x00000000c3e00000, 0x00000000c3e00000, 0x00000000c3f00000|  0%| F|  |TAMS 0x00000000c3e00000, 0x00000000c3e00000| Untracked 
|  41|0x00000000c3f00000, 0x00000000c3f00000, 0x00000000c4000000|  0%| F|  |TAMS 0x00000000c3f00000, 0x00000000c3f00000| Untracked 
|  42|0x00000000c4000000, 0x00000000c4000000, 0x00000000c4100000|  0%| F|  |TAMS 0x00000000c4000000, 0x00000000c4000000| Untracked 
|  43|0x00000000c4100000, 0x00000000c4100000, 0x00000000c4200000|  0%| F|  |TAMS 0x00000000c4100000, 0x00000000c4100000| Untracked 
|  44|0x00000000c4200000, 0x00000000c4200000, 0x00000000c4300000|  0%| F|  |TAMS 0x00000000c4200000, 0x00000000c4200000| Untracked 
|  45|0x00000000c4300000, 0x00000000c4300000, 0x00000000c4400000|  0%| F|  |TAMS 0x00000000c4300000, 0x00000000c4300000| Untracked 
|  46|0x00000000c4400000, 0x00000000c4400000, 0x00000000c4500000|  0%| F|  |TAMS 0x00000000c4400000, 0x00000000c4400000| Untracked 
|  47|0x00000000c4500000, 0x00000000c4500000, 0x00000000c4600000|  0%| F|  |TAMS 0x00000000c4500000, 0x00000000c4500000| Untracked 
|  48|0x00000000c4600000, 0x00000000c4600000, 0x00000000c4700000|  0%| F|  |TAMS 0x00000000c4600000, 0x00000000c4600000| Untracked 
|  49|0x00000000c4700000, 0x00000000c4700000, 0x00000000c4800000|  0%| F|  |TAMS 0x00000000c4700000, 0x00000000c4700000| Untracked 
|  50|0x00000000c4800000, 0x00000000c4800000, 0x00000000c4900000|  0%| F|  |TAMS 0x00000000c4800000, 0x00000000c4800000| Untracked 
|  51|0x00000000c4900000, 0x00000000c4900000, 0x00000000c4a00000|  0%| F|  |TAMS 0x00000000c4900000, 0x00000000c4900000| Untracked 
|  52|0x00000000c4a00000, 0x00000000c4a00000, 0x00000000c4b00000|  0%| F|  |TAMS 0x00000000c4a00000, 0x00000000c4a00000| Untracked 
|  53|0x00000000c4b00000, 0x00000000c4b00000, 0x00000000c4c00000|  0%| F|  |TAMS 0x00000000c4b00000, 0x00000000c4b00000| Untracked 
|  54|0x00000000c4c00000, 0x00000000c4c00000, 0x00000000c4d00000|  0%| F|  |TAMS 0x00000000c4c00000, 0x00000000c4c00000| Untracked 
|  55|0x00000000c4d00000, 0x00000000c4d00000, 0x00000000c4e00000|  0%| F|  |TAMS 0x00000000c4d00000, 0x00000000c4d00000| Untracked 
|  56|0x00000000c4e00000, 0x00000000c4e00000, 0x00000000c4f00000|  0%| F|  |TAMS 0x00000000c4e00000, 0x00000000c4e00000| Untracked 
|  57|0x00000000c4f00000, 0x00000000c4fc8370, 0x00000000c5000000| 78%| E|  |TAMS 0x00000000c4f00000, 0x00000000c4f00000| Complete 
|  58|0x00000000c5000000, 0x00000000c5100000, 0x00000000c5100000|100%| E|CS|TAMS 0x00000000c5000000, 0x00000000c5000000| Complete 
|  59|0x00000000c5100000, 0x00000000c5200000, 0x00000000c5200000|100%| E|CS|TAMS 0x00000000c5100000, 0x00000000c5100000| Complete 
|  60|0x00000000c5200000, 0x00000000c5300000, 0x00000000c5300000|100%| E|CS|TAMS 0x00000000c5200000, 0x00000000c5200000| Complete 
|  61|0x00000000c5300000, 0x00000000c5400000, 0x00000000c5400000|100%| E|CS|TAMS 0x00000000c5300000, 0x00000000c5300000| Complete 
|  62|0x00000000c5400000, 0x00000000c5500000, 0x00000000c5500000|100%| E|CS|TAMS 0x00000000c5400000, 0x00000000c5400000| Complete 
|  63|0x00000000c5500000, 0x00000000c5600000, 0x00000000c5600000|100%| E|CS|TAMS 0x00000000c5500000, 0x00000000c5500000| Complete 

Card table byte_map: [0x000001c9bcab0000,0x000001c9bccb0000] _byte_map_base: 0x000001c9bc4a5000

Marking Bits (Prev, Next): (CMBitMap*) 0x000001c9b2235c20, (CMBitMap*) 0x000001c9b2235c60
 Prev Bits: [0x000001c9bceb0000, 0x000001c9bde58000)
 Next Bits: [0x000001c9bde60000, 0x000001c9bee08000)

Polling page: 0x000001c9b00c0000

Metaspace:

Usage:
  Non-class:      2.42 MB used.
      Class:    340.95 KB used.
       Both:      2.75 MB used.

Virtual space:
  Non-class space:       64.00 MB reserved,       2.44 MB (  4%) committed,  1 nodes.
      Class space:        1.00 GB reserved,     448.00 KB ( <1%) committed,  1 nodes.
             Both:        1.06 GB reserved,       2.88 MB ( <1%) committed. 

Chunk freelists:
   Non-Class:  11.94 MB
       Class:  15.59 MB
        Both:  27.53 MB

MaxMetaspaceSize: unlimited
CompressedClassSpaceSize: 1.00 GB
Initial GC threshold: 21.00 MB
Current GC threshold: 21.00 MB
CDS: on
MetaspaceReclaimPolicy: balanced
 - commit_granule_bytes: 65536.
 - commit_granule_words: 8192.
 - virtual_space_node_default_size: 8388608.
 - enlarge_chunks_in_place: 1.
 - new_chunks_are_fully_committed: 0.
 - uncommit_free_chunks: 1.
 - use_allocation_guard: 0.
 - handle_deallocations: 1.


Internal statistics:

num_allocs_failed_limit: 0.
num_arena_births: 64.
num_arena_deaths: 0.
num_vsnodes_births: 2.
num_vsnodes_deaths: 0.
num_space_committed: 46.
num_space_uncommitted: 0.
num_chunks_returned_to_freelist: 0.
num_chunks_taken_from_freelist: 69.
num_chunk_merges: 0.
num_chunk_splits: 49.
num_chunks_enlarged: 28.
num_inconsistent_stats: 0.

CodeCache: size=49152Kb used=1935Kb max_used=1935Kb free=47216Kb
 bounds [0x000001c9b9ab0000, 0x000001c9b9d20000, 0x000001c9bcab0000]
 total_blobs=1081 nmethods=665 adapters=344
 compilation: enabled
              stopped_count=0, restarted_count=0
 full_count=0

Compilation events (20 events):
Event: 2.487 Thread 0x000001c9c1273f00  656       1       java.util.Properties::getProperty (50 bytes)
Event: 2.488 Thread 0x000001c9c1273f00 nmethod 656 0x000001c9b9c91090 code [0x000001c9b9c91240, 0x000001c9b9c91418]
Event: 2.495 Thread 0x000001c9c1273f00  657       1       java.lang.ref.PhantomReference::<init> (7 bytes)
Event: 2.496 Thread 0x000001c9c1273f00 nmethod 657 0x000001c9b9c91590 code [0x000001c9b9c91720, 0x000001c9b9c91898]
Event: 2.496 Thread 0x000001c9c1273f00  658       1       jdk.internal.ref.PhantomCleanable::<init> (49 bytes)
Event: 2.496 Thread 0x000001c9c1273f00 nmethod 658 0x000001c9b9c91910 code [0x000001c9b9c91b00, 0x000001c9b9c91f98]
Event: 2.496 Thread 0x000001c9c1273f00  660       1       java.lang.invoke.DirectMethodHandle$Holder::invokeStatic (15 bytes)
Event: 2.497 Thread 0x000001c9c1273f00 nmethod 660 0x000001c9b9c92110 code [0x000001c9b9c922c0, 0x000001c9b9c923d8]
Event: 2.497 Thread 0x000001c9c1273f00  659   !   1       jdk.internal.ref.PhantomCleanable::insert (53 bytes)
Event: 2.497 Thread 0x000001c9c1273f00 nmethod 659 0x000001c9b9c92490 code [0x000001c9b9c92640, 0x000001c9b9c92958]
Event: 2.497 Thread 0x000001c9c1273f00  661       1       java.lang.invoke.MethodTypeForm::cachedLambdaForm (23 bytes)
Event: 2.497 Thread 0x000001c9c1273f00 nmethod 661 0x000001c9b9c92a90 code [0x000001c9b9c92c40, 0x000001c9b9c92df8]
Event: 2.497 Thread 0x000001c9c1273f00  662       1       jdk.internal.ref.CleanerFactory::cleaner (4 bytes)
Event: 2.497 Thread 0x000001c9c1273f00 nmethod 662 0x000001c9b9c92f10 code [0x000001c9b9c930a0, 0x000001c9b9c93158]
Event: 2.497 Thread 0x000001c9c1273f00  663       1       jdk.internal.misc.Unsafe::putReferenceRelease (9 bytes)
Event: 2.498 Thread 0x000001c9c1273f00 nmethod 663 0x000001c9b9c93610 code [0x000001c9b9c937a0, 0x000001c9b9c938b8]
Event: 2.498 Thread 0x000001c9c1273f00  665       1       java.util.concurrent.ConcurrentHashMap::setTabAt (20 bytes)
Event: 2.498 Thread 0x000001c9c1273f00 nmethod 665 0x000001c9b9c93910 code [0x000001c9b9c93aa0, 0x000001c9b9c93bb8]
Event: 2.498 Thread 0x000001c9c1273f00  666       1       java.lang.invoke.InfoFromMemberName::getReferenceKind (5 bytes)
Event: 2.498 Thread 0x000001c9c1273f00 nmethod 666 0x000001c9b9c93c10 code [0x000001c9b9c93da0, 0x000001c9b9c93e78]

GC Heap History (0 events):
No events

Deoptimization events (0 events):
No events

Classes unloaded (0 events):
No events

Classes redefined (0 events):
No events

Internal exceptions (7 events):
Event: 1.747 Thread 0x000001c9b21f8b30 Exception <a 'java/lang/NoSuchMethodError'{0x00000000c5143118}: 'java.lang.Object java.lang.invoke.DirectMethodHandle$Holder.invokeStaticInit(java.lang.Object)'> (0x00000000c5143118) 
thrown [s\open\src\hotspot\share\interpreter\linkResolver.cpp, line 759]
Event: 1.826 Thread 0x000001c9b21f8b30 Exception <a 'java/lang/NoSuchMethodError'{0x00000000c515e2d8}: 'int java.lang.invoke.DirectMethodHandle$Holder.invokeInterface(java.lang.Object, java.lang.Object)'> (0x00000000c515e2d8) 
thrown [s\open\src\hotspot\share\interpreter\linkResolver.cpp, line 759]
Event: 1.827 Thread 0x000001c9b21f8b30 Exception <a 'java/lang/IncompatibleClassChangeError'{0x00000000c51618d8}: Found class java.lang.Object, but interface was expected> (0x00000000c51618d8) 
thrown [s\open\src\hotspot\share\interpreter\linkResolver.cpp, line 826]
Event: 1.829 Thread 0x000001c9b21f8b30 Exception <a 'java/lang/NoSuchMethodError'{0x00000000c5167518}: 'void java.lang.invoke.DirectMethodHandle$Holder.invokeStatic(java.lang.Object, java.lang.Object)'> (0x00000000c5167518) 
thrown [s\open\src\hotspot\share\interpreter\linkResolver.cpp, line 759]
Event: 2.137 Thread 0x000001c9b21f8b30 Exception <a 'java/lang/NoSuchMethodError'{0x00000000c5034110}: 'int java.lang.invoke.DirectMethodHandle$Holder.invokeSpecial(java.lang.Object, java.lang.Object, java.lang.Object)'> (0x00000000c5034110) 
thrown [s\open\src\hotspot\share\interpreter\linkResolver.cpp, line 759]
Event: 2.394 Thread 0x000001c9b21f8b30 Exception <a 'java/lang/NoSuchMethodError'{0x00000000c4f327f8}: 'void java.lang.invoke.DirectMethodHandle$Holder.invokeStatic(java.lang.Object, java.lang.Object, java.lang.Object)'> (0x00000000c4f327f8) 
thrown [s\open\src\hotspot\share\interpreter\linkResolver.cpp, line 759]
Event: 2.459 Thread 0x000001c9b21f8b30 Exception <a 'java/lang/NoSuchMethodError'{0x00000000c4f768c0}: 'int java.lang.invoke.DirectMethodHandle$Holder.invokeSpecialIFC(java.lang.Object, java.lang.Object, java.lang.Object)'> (0x00000000c4f768c0) 
thrown [s\open\src\hotspot\share\interpreter\linkResolver.cpp, line 759]

VM Operations (6 events):
Event: 1.102 Executing VM operation: HandshakeAllThreads
Event: 1.102 Executing VM operation: HandshakeAllThreads done
Event: 2.116 Executing VM operation: Cleanup
Event: 2.117 Executing VM operation: Cleanup done
Event: 2.411 Executing VM operation: HandshakeAllThreads
Event: 2.411 Executing VM operation: HandshakeAllThreads done

Events (20 events):
Event: 2.485 loading class sun/rmi/runtime/Log$LoggerLog done
Event: 2.485 loading class sun/rmi/runtime/Log$LoggerLog$1
Event: 2.485 loading class sun/rmi/runtime/Log$LoggerLog$1 done
Event: 2.485 loading class sun/rmi/runtime/Log$InternalStreamHandler
Event: 2.486 loading class java/util/logging/StreamHandler
Event: 2.486 loading class java/util/logging/StreamHandler done
Event: 2.486 loading class sun/rmi/runtime/Log$InternalStreamHandler done
Event: 2.486 loading class java/util/logging/SimpleFormatter
Event: 2.486 loading class java/util/logging/Formatter
Event: 2.486 loading class java/util/logging/Formatter done
Event: 2.486 loading class java/util/logging/SimpleFormatter done
Event: 2.487 loading class jdk/internal/logger/SimpleConsoleLogger$Formatting
Event: 2.487 loading class jdk/internal/logger/SimpleConsoleLogger$Formatting done
Event: 2.488 loading class java/util/logging/ErrorManager
Event: 2.492 loading class java/util/logging/ErrorManager done
Event: 2.493 loading class java/util/logging/Handler$1
Event: 2.494 loading class java/util/logging/Handler$1 done
Event: 2.494 loading class java/util/logging/StreamHandler$1
Event: 2.494 loading class java/util/logging/StreamHandler$1 done
Event: 2.498 loading class sun/rmi/server/UnicastServerRef$HashToMethod_Maps


Dynamic libraries:
0x00007ff72a410000 - 0x00007ff72a420000 	C:\Program Files\Java\jdk-17\bin\javaw.exe
0x00007ffd8eb00000 - 0x00007ffd8ed63000 	C:\WINDOWS\SYSTEM32\ntdll.dll
0x00007ffd8e0b0000 - 0x00007ffd8e178000 	C:\WINDOWS\System32\KERNEL32.DLL
0x00007ffd8c5b0000 - 0x00007ffd8c961000 	C:\WINDOWS\System32\KERNELBASE.dll
0x00007ffd8c290000 - 0x00007ffd8c3db000 	C:\WINDOWS\System32\ucrtbase.dll
0x00007ffd6ea30000 - 0x00007ffd6ea49000 	C:\Program Files\Java\jdk-17\bin\jli.dll
0x00007ffd8d1f0000 - 0x00007ffd8d2a4000 	C:\WINDOWS\System32\ADVAPI32.dll
0x00007ffd8ddb0000 - 0x00007ffd8de59000 	C:\WINDOWS\System32\msvcrt.dll
0x00007ffd8e720000 - 0x00007ffd8e7c6000 	C:\WINDOWS\System32\sechost.dll
0x00007ffd8de60000 - 0x00007ffd8df76000 	C:\WINDOWS\System32\RPCRT4.dll
0x00007ffd8d990000 - 0x00007ffd8db58000 	C:\WINDOWS\System32\USER32.dll
0x00007ffd8c1a0000 - 0x00007ffd8c1c7000 	C:\WINDOWS\System32\win32u.dll
0x00007ffd8e080000 - 0x00007ffd8e0aa000 	C:\WINDOWS\System32\GDI32.dll
0x00007ffd8bef0000 - 0x00007ffd8c015000 	C:\WINDOWS\System32\gdi32full.dll
0x00007ffd8c500000 - 0x00007ffd8c5a3000 	C:\WINDOWS\System32\msvcp_win.dll
0x00007ffd6ea10000 - 0x00007ffd6ea2b000 	C:\Program Files\Java\jdk-17\bin\VCRUNTIME140.dll
0x00007ffd6a0a0000 - 0x00007ffd6a330000 	C:\WINDOWS\WinSxS\amd64_microsoft.windows.common-controls_6595b64144ccf1df_6.0.26100.2161_none_3e0cadb0e33078e1\COMCTL32.dll
0x00007ffd7de20000 - 0x00007ffd7de2b000 	C:\WINDOWS\SYSTEM32\VERSION.dll
0x00007ffd8e510000 - 0x00007ffd8e53f000 	C:\WINDOWS\System32\IMM32.DLL
0x00007ffd6ea00000 - 0x00007ffd6ea0c000 	C:\Program Files\Java\jdk-17\bin\vcruntime140_1.dll
0x00007ffd6a010000 - 0x00007ffd6a09e000 	C:\Program Files\Java\jdk-17\bin\msvcp140.dll
0x00007ffd69430000 - 0x00007ffd6a010000 	C:\Program Files\Java\jdk-17\bin\server\jvm.dll
0x00007ffd8d3a0000 - 0x00007ffd8d3a8000 	C:\WINDOWS\System32\PSAPI.DLL
0x00007ffd6f9c0000 - 0x00007ffd6f9ca000 	C:\WINDOWS\SYSTEM32\WSOCK32.dll
0x00007ffd8e960000 - 0x00007ffd8e9d4000 	C:\WINDOWS\System32\WS2_32.dll
0x00007ffd79610000 - 0x00007ffd79646000 	C:\WINDOWS\SYSTEM32\WINMM.dll
0x00007ffd8ad00000 - 0x00007ffd8ad1a000 	C:\WINDOWS\SYSTEM32\kernel.appcore.dll
0x00007ffd6e9c0000 - 0x00007ffd6e9ca000 	C:\Program Files\Java\jdk-17\bin\jimage.dll
0x00007ffd89740000 - 0x00007ffd89981000 	C:\WINDOWS\SYSTEM32\DBGHELP.DLL
0x00007ffd8e180000 - 0x00007ffd8e4fd000 	C:\WINDOWS\System32\combase.dll
0x00007ffd8d2b0000 - 0x00007ffd8d386000 	C:\WINDOWS\System32\OLEAUT32.dll
0x00007ffd6e080000 - 0x00007ffd6e0b9000 	C:\WINDOWS\SYSTEM32\dbgcore.DLL
0x00007ffd8c3e0000 - 0x00007ffd8c479000 	C:\WINDOWS\System32\bcryptPrimitives.dll
0x00007ffd6a8e0000 - 0x00007ffd6a905000 	C:\Program Files\Java\jdk-17\bin\java.dll
0x00007ffd69350000 - 0x00007ffd69427000 	C:\Program Files\Java\jdk-17\bin\jsvml.dll
0x00007ffd8c9d0000 - 0x00007ffd8d0cf000 	C:\WINDOWS\System32\SHELL32.dll
0x00007ffd89c00000 - 0x00007ffd8a42d000 	C:\WINDOWS\SYSTEM32\windows.storage.dll
0x00007ffd8e9e0000 - 0x00007ffd8eab3000 	C:\WINDOWS\System32\SHCORE.dll
0x00007ffd8c970000 - 0x00007ffd8c9cd000 	C:\WINDOWS\System32\shlwapi.dll
0x00007ffd8be00000 - 0x00007ffd8be2e000 	C:\WINDOWS\SYSTEM32\profapi.dll
0x00007ffd68b10000 - 0x00007ffd68b29000 	C:\Program Files\Java\jdk-17\bin\net.dll
0x00007ffd7f820000 - 0x00007ffd7f946000 	C:\WINDOWS\SYSTEM32\WINHTTP.dll
0x00007ffd8b1e0000 - 0x00007ffd8b248000 	C:\WINDOWS\system32\mswsock.dll
0x00007ffd68af0000 - 0x00007ffd68b06000 	C:\Program Files\Java\jdk-17\bin\nio.dll
0x00007ffd68ad0000 - 0x00007ffd68ae8000 	C:\Program Files\Java\jdk-17\bin\zip.dll
0x00007ffd58190000 - 0x00007ffd5819a000 	C:\Program Files\Java\jdk-17\bin\management.dll
0x00007ffd58180000 - 0x00007ffd5818b000 	C:\Program Files\Java\jdk-17\bin\management_ext.dll
0x00007ffd69330000 - 0x00007ffd69348000 	C:\WINDOWS\system32\napinsp.dll
0x00007ffd8a810000 - 0x00007ffd8a935000 	C:\WINDOWS\SYSTEM32\DNSAPI.dll
0x00007ffd8a7d0000 - 0x00007ffd8a801000 	C:\WINDOWS\SYSTEM32\IPHLPAPI.DLL
0x00007ffd8e070000 - 0x00007ffd8e07a000 	C:\WINDOWS\System32\NSI.dll
0x00007ffd69310000 - 0x00007ffd69322000 	C:\WINDOWS\System32\winrnr.dll
0x00007ffd692e0000 - 0x00007ffd69302000 	C:\WINDOWS\system32\nlansp_c.dll
0x00007ffd692c0000 - 0x00007ffd692d6000 	C:\WINDOWS\system32\wshbth.dll
0x00007ffd79200000 - 0x00007ffd7920b000 	C:\Windows\System32\rasadhlp.dll
0x00007ffd7ef70000 - 0x00007ffd7eff6000 	C:\WINDOWS\System32\fwpuclnt.dll

dbghelp: loaded successfully - version: 4.0.5 - missing functions: none
symbol engine: initialized successfully - sym options: 0x614 - pdb path: .;C:\Program Files\Java\jdk-17\bin;C:\WINDOWS\SYSTEM32;C:\WINDOWS\WinSxS\amd64_microsoft.windows.common-controls_6595b64144ccf1df_6.0.26100.2161_none_3e0cadb0e33078e1;C:\Program Files\Java\jdk-17\bin\server

VM Arguments:
jvm_args: -Dcom.sun.management.jmxremote -Dcom.sun.management.jmxremote.port=63928 -Dcom.sun.management.jmxremote.authenticate=false -Dcom.sun.management.jmxremote.ssl=false -Djava.rmi.server.hostname=localhost -Dspring.jmx.enabled=true -Dmanagement.endpoints.jmx.exposure.include=* -Dspring.application.admin.enabled=true -XX:TieredStopAtLevel=1 -Dspring.boot.project.name=frs-frontend -Dfile.encoding=UTF-8 -Dstdout.encoding=UTF-8 -Dstderr.encoding=UTF-8 -XX:+ShowCodeDetailsInExceptionMessages 
java_command: com.example.demo.FrsFrontendApplication --spring.output.ansi.enabled=always
java_class_path (initial): C:\Users\ADMIN\OneDrive\Desktop\thyme-leaf\frs-frontend\target\classes;C:\Users\ADMIN\.m2\repository\org\springframework\boot\spring-boot-starter-thymeleaf\3.4.0\spring-boot-starter-thymeleaf-3.4.0.jar;C:\Users\ADMIN\.m2\repository\org\springframework\boot\spring-boot-starter\3.4.0\spring-boot-starter-3.4.0.jar;C:\Users\ADMIN\.m2\repository\org\springframework\boot\spring-boot\3.4.0\spring-boot-3.4.0.jar;C:\Users\ADMIN\.m2\repository\org\springframework\boot\spring-boot-autoconfigure\3.4.0\spring-boot-autoconfigure-3.4.0.jar;C:\Users\ADMIN\.m2\repository\org\springframework\boot\spring-boot-starter-logging\3.4.0\spring-boot-starter-logging-3.4.0.jar;C:\Users\ADMIN\.m2\repository\ch\qos\logback\logback-classic\1.5.12\logback-classic-1.5.12.jar;C:\Users\ADMIN\.m2\repository\ch\qos\logback\logback-core\1.5.12\logback-core-1.5.12.jar;C:\Users\ADMIN\.m2\repository\org\apache\logging\log4j\log4j-to-slf4j\2.24.1\log4j-to-slf4j-2.24.1.jar;C:\Users\ADMIN\.m2\repository\org\apache\logging\log4j\log4j-api\2.24.1\log4j-api-2.24.1.jar;C:\Users\ADMIN\.m2\repository\org\slf4j\jul-to-slf4j\2.0.16\jul-to-slf4j-2.0.16.jar;C:\Users\ADMIN\.m2\repository\jakarta\annotation\jakarta.annotation-api\2.1.1\jakarta.annotation-api-2.1.1.jar;C:\Users\ADMIN\.m2\repository\org\yaml\snakeyaml\2.3\snakeyaml-2.3.jar;C:\Users\ADMIN\.m2\repository\org\thymeleaf\thymeleaf-spring6\3.1.2.RELEASE\thymeleaf-spring6-3.1.2.RELEASE.jar;C:\Users\ADMIN\.m2\repository\org\thymeleaf\thymeleaf\3.1.2.RELEASE\thymeleaf-3.1.2.RELEASE.jar;C:\Users\ADMIN\.m2\repository\org\attoparser\attoparser\2.0.7.RELEASE\attoparser-2.0.7.RELEASE.jar;C:\Users\ADMIN\.m2\repository\org\unbescape\unbescape\1.1.6.RELEASE\unbescape-1.1.6.RELEASE.jar;C:\Users\ADMIN\.m2\repository\org\slf4j\slf4j-api\2.0.16\slf4j-api-2.0.16.jar;C:\Users\ADMIN\.m2\repository\org\springframework\boot\spring-boot-starter-web\3.4.0\spring-boot-starter-web-3.4.0.jar;C:\Users\ADMIN\.m2\repository\org\springframework\boot\spring-boot-
Launcher Type: SUN_STANDARD

[Global flags]
     intx CICompilerCount                          = 3                                         {product} {ergonomic}
     uint ConcGCThreads                            = 1                                         {product} {ergonomic}
     uint G1ConcRefinementThreads                  = 4                                         {product} {ergonomic}
   size_t G1HeapRegionSize                         = 1048576                                   {product} {ergonomic}
    uintx GCDrainStackTargetSize                   = 64                                        {product} {ergonomic}
   size_t InitialHeapSize                          = 67108864                                  {product} {ergonomic}
     bool ManagementServer                         = true                                      {product} {command line}
   size_t MarkStackSize                            = 4194304                                   {product} {ergonomic}
   size_t MaxHeapSize                              = 1050673152                                {product} {ergonomic}
   size_t MaxNewSize                               = 630194176                                 {product} {ergonomic}
   size_t MinHeapDeltaBytes                        = 1048576                                   {product} {ergonomic}
   size_t MinHeapSize                              = 8388608                                   {product} {ergonomic}
    uintx NonProfiledCodeHeapSize                  = 0                                      {pd product} {ergonomic}
     bool ProfileInterpreter                       = false                                  {pd product} {command line}
    uintx ProfiledCodeHeapSize                     = 0                                      {pd product} {ergonomic}
     bool ShowCodeDetailsInExceptionMessages       = true                                   {manageable} {command line}
   size_t SoftMaxHeapSize                          = 1050673152                             {manageable} {ergonomic}
     intx TieredStopAtLevel                        = 1                                         {product} {command line}
     bool UseCompressedClassPointers               = true                           {product lp64_product} {ergonomic}
     bool UseCompressedOops                        = true                           {product lp64_product} {ergonomic}
     bool UseG1GC                                  = true                                      {product} {ergonomic}
     bool UseLargePagesIndividualAllocation        = false                                  {pd product} {ergonomic}

Logging:
Log output configuration:
 #0: stdout all=warning uptime,level,tags
 #1: stderr all=off uptime,level,tags

Environment Variables:
JAVA_HOME=C:\Program Files\Java\jdk-17
PATH=C:/Users/ADMIN/OneDrive/Documents/Spring/sts-4.26.0.RELEASE//plugins/org.eclipse.justj.openjdk.hotspot.jre.full.win32.x86_64_21.0.4.v20240802-1551/jre/bin/server;C:/Users/ADMIN/OneDrive/Documents/Spring/sts-4.26.0.RELEASE//plugins/org.eclipse.justj.openjdk.hotspot.jre.full.win32.x86_64_21.0.4.v20240802-1551/jre/bin;C:\Program Files\Common Files\Oracle\Java\javapath;C:\Program Files (x86)\Common Files\Oracle\Java\java8path;C:\Program Files (x86)\Common Files\Oracle\Java\javapath;D:\oracle\product\10.2.0\db_1\bin;C:\WINDOWS\system32;C:\WINDOWS;C:\WINDOWS\System32\Wbem;C:\WINDOWS\System32\WindowsPowerShell\v1.0\;C:\WINDOWS\System32\OpenSSH\;C:\ProgramData\chocolatey\bin;E:\MinGW\bin;C:\Program Files\Java\jdk-17\bin;C:\Program Files\Git\cmd;C:\Program Files\apache-maven-3.9.9\bin;C:\Users\ADMIN\AppData\Local\Microsoft\WindowsApps;C:\Users\ADMIN\AppData\Local\Programs\Microsoft VS Code\bin;C:\MinGW\bin;C:\Users\ADMIN\AppData\Local\atom\bin;C:\Users\ADMIN\AppData\Local\GitHubDesktop\bin;C:\Users\ADMIN\AppData\Local\Microsoft\WindowsApps;;C:\Program Files\JetBrains\IntelliJ IDEA 2024.2.4\bin;;C:\Program Files\JetBrains\IntelliJ IDEA Community Edition 2024.2.4\bin;;C:\Users\ADMIN\OneDrive\Documents\Spring\sts-4.26.0.RELEASE;
USERNAME=ADMIN
OS=Windows_NT
PROCESSOR_IDENTIFIER=Intel64 Family 6 Model 142 Stepping 10, GenuineIntel



---------------  S Y S T E M  ---------------

OS:
 Windows 11 , 64 bit Build 26100 (10.0.26100.2161)
OS uptime: 1 days 7:13 hours
Hyper-V role detected

CPU: total 4 (initial active 4) (2 cores per cpu, 2 threads per core) family 6 model 142 stepping 10 microcode 0xe0, cx8, cmov, fxsr, ht, mmx, 3dnowpref, sse, sse2, sse3, ssse3, sse4.1, sse4.2, popcnt, lzcnt, tsc, tscinvbit, avx, avx2, aes, erms, clmul, bmi1, bmi2, adx, fma, vzeroupper, clflush, clflushopt, hv

Memory: 4k page, system-wide physical 4001M (117M free)
TotalPageFile size 12193M (AvailPageFile size 0M)
current process WorkingSet (physical memory assigned to process): 46M, peak: 46M
current process commit charge ("private bytes"): 135M, peak: 135M

vm_info: Java HotSpot(TM) 64-Bit Server VM (17.0.11+7-LTS-207) for windows-amd64 JRE (17.0.11+7-LTS-207), built on Mar 11 2024 19:01:50 by "mach5one" with MS VC++ 17.6 (VS2022)

END.
